<?xml version="1.0" encoding="UTF-8"?>
<!-- Generated by org.testng.reporters.JUnitReportReporter -->
<testsuite hostname="DESKTOP-AUQI9P7" failures="0" tests="1" name="com.TestRunner.OrangeHRMTestRunner" time="10.351" errors="0" timestamp="2021-09-03T17:26:21 IST" skipped="0">
  <testcase classname="com.TestRunner.OrangeHRMTestRunner" name="runScenario" time="10.351"/>
  <system-out/>
</testsuite> <!-- com.TestRunner.OrangeHRMTestRunner -->
